<?xml version="1.0" encoding="UTF-8"?>
<!-- Generated by org.testng.reporters.JUnitXMLReporter -->
<testsuite hostname="qtlsys0-105pc" ignored="22" name="Default test" tests="1" failures="0" timestamp="10 Feb 2020 09:19:40 GMT" time="67.874" errors="0">
  <testcase name="RegistrationTest" time="66.055" classname="com.qc.testcases.QCTestCases"/>
  <testcase name="RefinanceTest" time="0.0" classname="com.qc.testcases.QCTestCases">
    <ignored/>
  </testcase> <!-- RefinanceTest -->
  <testcase name="EPPVoidTest" time="0.0" classname="com.qc.testcases.QCTestCases">
    <ignored/>
  </testcase> <!-- EPPVoidTest -->
  <testcase name="InsightCardWithdrawalTest" time="0.0" classname="com.qc.testcases.QCTestCases">
    <ignored/>
  </testcase> <!-- InsightCardWithdrawalTest -->
  <testcase name="DCDepositTest2" time="0.0" classname="com.qc.testcases.QCTestCases">
    <ignored/>
  </testcase> <!-- DCDepositTest2 -->
  <testcase name="ACHPrePaymentTest" time="0.0" classname="com.qc.testcases.QCTestCases">
    <ignored/>
  </testcase> <!-- ACHPrePaymentTest -->
  <testcase name="EPPPaymentTest" time="0.0" classname="com.qc.testcases.QCTestCases">
    <ignored/>
  </testcase> <!-- EPPPaymentTest -->
  <testcase name="EPPPaymentVoidTest" time="0.0" classname="com.qc.testcases.QCTestCases">
    <ignored/>
  </testcase> <!-- EPPPaymentVoidTest -->
  <testcase name="ACHPrePaymentVoidTest" time="0.0" classname="com.qc.testcases.QCTestCases">
    <ignored/>
  </testcase> <!-- ACHPrePaymentVoidTest -->
  <testcase name="LoanVoidTest" time="0.0" classname="com.qc.testcases.QCTestCases">
    <ignored/>
  </testcase> <!-- LoanVoidTest -->
  <testcase name="newloantest" time="0.0" classname="com.qc.testcases.QCTestCases">
    <ignored/>
  </testcase> <!-- newloantest -->
  <testcase name="DCRevokeTest" time="0.0" classname="com.qc.testcases.QCTestCases">
    <ignored/>
  </testcase> <!-- DCRevokeTest -->
  <testcase name="PartialPaymentTest" time="0.0" classname="com.qc.testcases.QCTestCases">
    <ignored/>
  </testcase> <!-- PartialPaymentTest -->
  <testcase name="DCDepositTest" time="0.0" classname="com.qc.testcases.QCTestCases">
    <ignored/>
  </testcase> <!-- DCDepositTest -->
  <testcase name="ChargebackTest" time="0.0" classname="com.qc.testcases.QCTestCases">
    <ignored/>
  </testcase> <!-- ChargebackTest -->
  <testcase name="ACHDepositTest" time="0.0" classname="com.qc.testcases.QCTestCases">
    <ignored/>
  </testcase> <!-- ACHDepositTest -->
  <testcase name="ACHDepositVoidTest" time="0.0" classname="com.qc.testcases.QCTestCases">
    <ignored/>
  </testcase> <!-- ACHDepositVoidTest -->
  <testcase name="PartialPaymentVoidTest" time="0.0" classname="com.qc.testcases.QCTestCases">
    <ignored/>
  </testcase> <!-- PartialPaymentVoidTest -->
  <testcase name="BuyBackVoidTest" time="0.0" classname="com.qc.testcases.QCTestCases">
    <ignored/>
  </testcase> <!-- BuyBackVoidTest -->
  <testcase name="EPPTest" time="0.0" classname="com.qc.testcases.QCTestCases">
    <ignored/>
  </testcase> <!-- EPPTest -->
  <testcase name="BuyBackTest" time="0.0" classname="com.qc.testcases.QCTestCases">
    <ignored/>
  </testcase> <!-- BuyBackTest -->
  <testcase name="DCDepositVoidTest" time="0.0" classname="com.qc.testcases.QCTestCases">
    <ignored/>
  </testcase> <!-- DCDepositVoidTest -->
  <testcase name="LoanRescindTest" time="0.0" classname="com.qc.testcases.QCTestCases">
    <ignored/>
  </testcase> <!-- LoanRescindTest -->
</testsuite> <!-- Default test -->
