<?xml version="1.0" encoding="UTF-8"?>
<testng-results skipped="0" failed="0" ignored="22" total="23" passed="1">
  <reporter-output>
  </reporter-output>
  <suite name="Default suite" duration-ms="67874" started-at="2020-02-10T09:18:32Z" finished-at="2020-02-10T09:19:40Z">
    <groups>
    </groups>
    <test name="Default test" duration-ms="67874" started-at="2020-02-10T09:18:32Z" finished-at="2020-02-10T09:19:40Z">
      <class name="com.qc.testcases.QCTestCases">
        <test-method status="PASS" signature="setup()[pri:0, instance:com.qc.testcases.QCTestCases@222545dc]" name="setup" is-config="true" duration-ms="1782" started-at="2020-02-10T09:18:32Z" finished-at="2020-02-10T09:18:34Z">
          <reporter-output>
          </reporter-output>
        </test-method> <!-- setup -->
        <test-method status="PASS" signature="RegistrationTest()[pri:1, instance:com.qc.testcases.QCTestCases@222545dc]" name="RegistrationTest" duration-ms="66055" started-at="2020-02-10T09:18:34Z" finished-at="2020-02-10T09:19:40Z">
          <reporter-output>
          </reporter-output>
        </test-method> <!-- RegistrationTest -->
        <test-method status="PASS" signature="tearDown()[pri:0, instance:com.qc.testcases.QCTestCases@222545dc]" name="tearDown" is-config="true" duration-ms="20" started-at="2020-02-10T09:19:40Z" finished-at="2020-02-10T09:19:40Z">
          <reporter-output>
          </reporter-output>
        </test-method> <!-- tearDown -->
      </class> <!-- com.qc.testcases.QCTestCases -->
    </test> <!-- Default test -->
  </suite> <!-- Default suite -->
</testng-results>
